#===============================================================================
# Building package Pr/PrKernel [2/5]
#===============================================================================
Wed May 11 14:30:18 CEST 2016
v1r10 Pr/PrKernel
# Building group all
#CMT---> Info: Execute action make => gmake bin=../x86_64-slc6-gcc48-opt/ all
#CMT---> (Makefile.header) Rebuilding ../x86_64-slc6-gcc48-opt/x86_64-slc6-gcc48-opt.make
#CMT---> (Makefile.header) Rebuilding ../x86_64-slc6-gcc48-opt/setup.make
#CMT---> (Makefile.header) Rebuilding ../x86_64-slc6-gcc48-opt/constituents.make
#CMT---> (constituents.make) LHCbKernelObj2Doth: No rule for such target
#CMT---> (constituents.make) EventBaseObj2Doth: No rule for such target
#CMT---> (constituents.make) DigiEventObj2Doth: No rule for such target
#CMT---> (constituents.make) TrackEventObj2Doth: No rule for such target
#CMT---> (constituents.make) RecEventObj2Doth: No rule for such target
#CMT---> (constituents.make) DAQEventObj2Doth: No rule for such target
#CMT---> (constituents.make) Rebuilding library links
#CMT---> (constituents.make) Building PrKernel.make
#CMT---> (constituents.make) Building PrKernelGen.make
#CMT---> (constituents.make) all done
#CMT---> (constituents.make) Building install_more_includes.make
#CMT---> Info: Library PrKernel
#CMT---> (constituents.make) Starting PrKernel
#CMT---> Info: Document install_more_includes
#CMT---> (constituents.make) Creating install_more_includes.lock and Starting install_more_includes
#CMT---> Info: Document PrKernelGen
#CMT---> (constituents.make) Creating PrKernelGen.lock and Starting PrKernelGen
Installing files from more ../PrKernel to /users/LHCb/abdulkhalek/cmtuser/Brunel_v50r1/InstallArea/x86_64-slc6-gcc48-opt/include
Copy '../../../../Pr/PrKernel/PrKernel/PrUTHit.h' -> '/users/LHCb/abdulkhalek/cmtuser/Brunel_v50r1/InstallArea/x86_64-slc6-gcc48-opt/include/PrKernel/PrUTHit.h'
Copy '../../../../Pr/PrKernel/PrKernel/IPrDebugTool.h' -> '/users/LHCb/abdulkhalek/cmtuser/Brunel_v50r1/InstallArea/x86_64-slc6-gcc48-opt/include/PrKernel/IPrDebugTool.h'
Copy '../../../../Pr/PrKernel/PrKernel/IPrCounter.h' -> '/users/LHCb/abdulkhalek/cmtuser/Brunel_v50r1/InstallArea/x86_64-slc6-gcc48-opt/include/PrKernel/IPrCounter.h'
installation done
#CMT---> (constituents.make) install_more_includes done
Running merge_rootmap  PrKernelGen
INFO:LockFile:2016-05-11_14:30:27 - Locking on /users/LHCb/abdulkhalek/cmtuser/Brunel_v50r1/InstallArea/gaudi_build_lock
INFO:LockFile:2016-05-11_14:30:27 - Lock on /users/LHCb/abdulkhalek/cmtuser/Brunel_v50r1/InstallArea/gaudi_build_lock released
#CMT---> (constituents.make) PrKernelGen done
#CMT---> PrKernel : library ok
#CMT---> installation done
#CMT---> PrKernel ok
#CMT---> (constituents.make) PrKernel done
#CMT---> (constituents.make) Building PrKernelDict.make
#CMT---> Info: Library PrKernelDict
#CMT---> (constituents.make) Starting PrKernelDict
#CMT---> installation done
#CMT---> PrKernelDict : library ok
#CMT---> PrKernelDict ok
#CMT---> (constituents.make) PrKernelDict done
#CMT---> all ok.
Wed May 11 14:30:32 CEST 2016
# Building group cmt_actions
#CMT---> Info: Execute action make => gmake bin=../x86_64-slc6-gcc48-opt/ cmt_actions
#CMT---> (Makefile.header) Rebuilding ../x86_64-slc6-gcc48-opt/x86_64-slc6-gcc48-opt.make
#CMT---> (Makefile.header) Rebuilding ../x86_64-slc6-gcc48-opt/setup.make
#CMT---> (Makefile.header) Rebuilding ../x86_64-slc6-gcc48-opt/constituents.make
#CMT---> cmt_actions ok.
Wed May 11 14:30:36 CEST 2016
