#===============================================================================
# Building package Tr/TrackFitter [5/5]
#===============================================================================
Wed May 11 14:30:43 CEST 2016
v5r8 Tr/TrackFitter
# Building group all
#CMT---> Info: Execute action make => gmake bin=../x86_64-slc6-gcc48-opt/ all
#CMT---> (Makefile.header) Rebuilding ../x86_64-slc6-gcc48-opt/x86_64-slc6-gcc48-opt.make
#CMT---> (Makefile.header) Rebuilding ../x86_64-slc6-gcc48-opt/setup.make
#CMT---> (Makefile.header) Rebuilding ../x86_64-slc6-gcc48-opt/constituents.make
#CMT---> (constituents.make) Rebuilding library links
#CMT---> (constituents.make) Building TrackFitter_python.make
#CMT---> (constituents.make) Building TrackFitter.make
#CMT---> (constituents.make) all done
#CMT---> (constituents.make) Building TrackFitterGenConfUser.make
#CMT---> Info: Library TrackFitter
#CMT---> (constituents.make) Starting TrackFitter
#CMT---> Info: Document TrackFitter_python
#CMT---> compiling ../src/TrackMasterFitter.cpp
#CMT---> compiling ../src/TrackEventFitter.cpp
#CMT---> compiling ../src/TrackKalmanFilter.cpp
#CMT---> (TrackFitter.make) Rebuilding ../x86_64-slc6-gcc48-opt/TrackFitter_dependencies.make
#CMT---> (constituents.make) Creating TrackFitter_python.lock and Starting TrackFitter_python
#CMT---> Info: Document TrackFitterGenConfUser
#CMT---> (constituents.make) Creating TrackFitterGenConfUser.lock and Starting TrackFitterGenConfUser
Installing files from ../python to /users/LHCb/abdulkhalek/cmtuser/Brunel_v50r1/InstallArea/x86_64-slc6-gcc48-opt
Created dir '/users/LHCb/abdulkhalek/cmtuser/Brunel_v50r1/InstallArea/x86_64-slc6-gcc48-opt/python/TrackFitter'
Copy '../../../../Tr/TrackFitter/python/TrackFitter/__init__.py' -> '/users/LHCb/abdulkhalek/cmtuser/Brunel_v50r1/InstallArea/x86_64-slc6-gcc48-opt/python/TrackFitter/__init__.py'
Copy '../../../../Tr/TrackFitter/python/TrackFitter/ConfiguredFitters.py' -> '/users/LHCb/abdulkhalek/cmtuser/Brunel_v50r1/InstallArea/x86_64-slc6-gcc48-opt/python/TrackFitter/ConfiguredFitters.py'
installation done
#CMT---> (constituents.make) TrackFitter_python done
INFO: 2016-05-11_14:30:53 - Locking on /users/LHCb/abdulkhalek/cmtuser/Brunel_v50r1/InstallArea/gaudi_build_lock
#CMT---> building static library ../x86_64-slc6-gcc48-opt/libTrackFitter.a
#CMT---> building shared library ../x86_64-slc6-gcc48-opt/libTrackFitter.so
INFO: 2016-05-11_14:31:08 - Lock on /users/LHCb/abdulkhalek/cmtuser/Brunel_v50r1/InstallArea/gaudi_build_lock released
INFO: No ConfigurableUser found
INFO: Creating directory '/users/LHCb/abdulkhalek/cmtuser/Brunel_v50r1/Tr/TrackFitter/x86_64-slc6-gcc48-opt/genConf/TrackFitter'
#CMT---> (constituents.make) TrackFitterGenConfUser done
#CMT---> (constituents.make) Building TrackFitterConfUserDbMerge.make
#CMT---> Info: Document TrackFitterConfUserDbMerge
#CMT---> (constituents.make) Creating TrackFitterConfUserDbMerge.lock and Starting TrackFitterConfUserDbMerge
Running merge_genconfDb  TrackFitterConfUserDbMerge
INFO:LockFile:2016-05-11_14:31:09 - Locking on /users/LHCb/abdulkhalek/cmtuser/Brunel_v50r1/InstallArea/gaudi_build_lock
INFO:LockFile:2016-05-11_14:31:09 - Lock on /users/LHCb/abdulkhalek/cmtuser/Brunel_v50r1/InstallArea/gaudi_build_lock released
#CMT---> (constituents.make) TrackFitterConfUserDbMerge done
lcg-g++-4.8.4 -L/users/LHCb/abdulkhalek/cmtuser/Brunel_v50r1/InstallArea/x86_64-slc6-gcc48-opt/lib -L/afs/cern.ch/lhcb/software/releases/BRUNEL/BRUNEL_v50r1/InstallArea/x86_64-slc6-gcc48-opt/lib -L/afs/cern.ch/lhcb/software/releases/REC/REC_v19r2/InstallArea/x86_64-slc6-gcc48-opt/lib -L/afs/cern.ch/lhcb/software/releases/LBCOM/LBCOM_v18r1/InstallArea/x86_64-slc6-gcc48-opt/lib -L/afs/cern.ch/lhcb/software/releases/LHCB/LHCB_v40r1/InstallArea/x86_64-slc6-gcc48-opt/lib -L/afs/cern.ch/lhcb/software/releases/GAUDI/GAUDI_v27r1/InstallArea/x86_64-slc6-gcc48-opt/lib -shared -o libTrackFitter.so "TrackFittertemp_shlib/TrackEventFitter.o" "TrackFittertemp_shlib/TrackKalmanFilter.o" "TrackFittertemp_shlib/TrackMasterFitter.o" -fPIC -ldl -Wl,--as-needed -Wl,--no-undefined -pthread -Wl,-z,max-page-size=0x1000 -L/users/LHCb/abdulkhalek/cmtuser/Brunel_v50r1/InstallArea/x86_64-slc6-gcc48-opt/lib -L/afs/cern.ch/lhcb/software/releases/BRUNEL/BRUNEL_v50r1/InstallArea/x86_64-slc6-gcc48-opt/lib -L/afs/cern.ch/lhcb/software/releases/REC/REC_v19r2/InstallArea/x86_64-slc6-gcc48-opt/lib -L/afs/cern.ch/lhcb/software/releases/LBCOM/LBCOM_v18r1/InstallArea/x86_64-slc6-gcc48-opt/lib -L/afs/cern.ch/lhcb/software/releases/LHCB/LHCB_v40r1/InstallArea/x86_64-slc6-gcc48-opt/lib -L/afs/cern.ch/lhcb/software/releases/GAUDI/GAUDI_v27r1/InstallArea/x86_64-slc6-gcc48-opt/lib -lTrackFitEvent -lRecEvent -lTrackKernel -lTrackEvent -lFTDetLib -lMCEvent -lOTDetLib -lSTDetLib -lVeloDetLib -lMuonDetLib -lMuonKernelLib -lVPDetLib -lDAQKernelLib -lLHCbKernel -lPartPropLib -lDetDescCnvLib -lDetDescLib -lLHCbMathLib -lGaudiGSLLib -lGaudiAlgLib -lGaudiUtilsLib -lGaudiObjDescLib -lXmlToolsLib -lDAQEventLib -lGaudiKernel -lGaudiPluginService -lVectorClassLib -L/afs/cern.ch/sw/lcg/releases/LCGCMT/LCGCMT_84/LCG_Settings/../../../LCG_84/ROOT/6.06.02/x86_64-slc6-gcc48-opt/lib -lCore -L/afs/cern.ch/sw/lcg/releases/LCGCMT/LCGCMT_84/LCG_Settings/../../../LCG_84/ROOT/6.06.02/x86_64-slc6-gcc48-opt/lib -lCore -lTree -lpthread -lRIO -lMathCore -lGenVector -lMathCore -lGenVector -lHist -lXMLIO -L/afs/cern.ch/sw/lcg/releases/LCGCMT/LCGCMT_84/LCG_Settings/../../../LCG_84/Boost/1.59.0_python2.7/x86_64-slc6-gcc48-opt/lib -lboost_system-gcc48-mt-1_59 -lboost_regex-gcc48-mt-1_59 -L/afs/cern.ch/sw/lcg/releases/LCGCMT/LCGCMT_84/LCG_Settings/../../../LCG_84/Python/2.7.10/x86_64-slc6-gcc48-opt/lib -lpython2.7 -lutil -lpthread -L/afs/cern.ch/sw/lcg/releases/LCGCMT/LCGCMT_84/LCG_Settings/../../../LCG_84/xrootd/4.2.3/x86_64-slc6-gcc48-opt/lib64 -L/afs/cern.ch/sw/lcg/releases/LCGCMT/LCGCMT_84/LCG_Settings/../../../LCG_84/tbb/42_20140122/x86_64-slc6-gcc48-opt/lib -ltbb -L/afs/cern.ch/sw/lcg/releases/LCGCMT/LCGCMT_84/LCG_Settings/../../../LCG_84/GSL/1.10/x86_64-slc6-gcc48-opt/lib -lgsl -lgslcblas -L/afs/cern.ch/sw/lcg/releases/LCGCMT/LCGCMT_84/LCG_Settings/../../../LCG_84/vdt/0.3.6/x86_64-slc6-gcc48-opt/lib -lvdt -L/afs/cern.ch/sw/lcg/releases/LCGCMT/LCGCMT_84/LCG_Settings/../../../LCG_84/XercesC/3.1.1p1/x86_64-slc6-gcc48-opt/lib -lxerces-c -lpthread -L/afs/cern.ch/sw/lcg/releases/LCGCMT/LCGCMT_84/LCG_Settings/../../../LCG_84/clhep/2.3.1.1/x86_64-slc6-gcc48-opt/lib -lCLHEP-Cast-2.3.1.1 -lCLHEP-Evaluator-2.3.1.1 -lCLHEP-Exceptions-2.3.1.1 -lCLHEP-GenericFunctions-2.3.1.1 -lCLHEP-Geometry-2.3.1.1 -lCLHEP-Random-2.3.1.1 -lCLHEP-RandomObjects-2.3.1.1 -lCLHEP-RefCount-2.3.1.1 -lCLHEP-Vector-2.3.1.1 -lCLHEP-Matrix-2.3.1.1 -L/afs/cern.ch/sw/lcg/releases/LCGCMT/LCGCMT_84/LCG_Settings/../../../LCG_84/lapack/3.5.0/x86_64-slc6-gcc48-opt/lib -lLAPACK -L/afs/cern.ch/sw/lcg/releases/LCGCMT/LCGCMT_84/LCG_Settings/../../../LCG_84/blas/20110419/x86_64-slc6-gcc48-opt/lib -lBLAS -L/afs/cern.ch/sw/lcg/releases/LCGCMT/LCGCMT_84/LCG_Settings/../../../LCG_84/mysql/5.5.30/x86_64-slc6-gcc48-opt/lib -lmysqlclient_r
#CMT---> TrackFitter : library ok
#CMT---> installing file libTrackFitter.so into /users/LHCb/abdulkhalek/cmtuser/Brunel_v50r1/InstallArea/x86_64-slc6-gcc48-opt/lib
eval ${install_command} ${full_source_name} ${dest_file_path}
python /afs/cern.ch/lhcb/software/releases/GAUDI/GAUDI_v27r1/GaudiPolicy/scripts/install.py -xCVS -x*~ -x*.stamp -x*.bak -x.* -x*.pyc -x*.pyo -s --log=./install.x86_64-slc6-gcc48-opt.history /users/LHCb/abdulkhalek/cmtuser/Brunel_v50r1/Tr/TrackFitter/x86_64-slc6-gcc48-opt/libTrackFitter.so /users/LHCb/abdulkhalek/cmtuser/Brunel_v50r1/InstallArea/x86_64-slc6-gcc48-opt/lib/libTrackFitter.so
#CMT---> TrackFitter ok
Create Link to '../../../Tr/TrackFitter/x86_64-slc6-gcc48-opt/libTrackFitter.so' in '/users/LHCb/abdulkhalek/cmtuser/Brunel_v50r1/InstallArea/x86_64-slc6-gcc48-opt/lib'
echo ${full_source_name} >${ref_file}
if test "${makecmd}"; then set +v; fi
#CMT---> installation done
#CMT---> (constituents.make) TrackFitter done
#CMT---> (constituents.make) Building TrackFitterComponentsList.make
#CMT---> (constituents.make) Building TrackFitterConf.make
#CMT---> Info: Document TrackFitterConf
#CMT---> (constituents.make) Creating TrackFitterConf.lock and Starting TrackFitterConf
#CMT---> Info: Document TrackFitterComponentsList
#CMT---> (constituents.make) Creating TrackFitterComponentsList.lock and Starting TrackFitterComponentsList
Generating componentslist file for libTrackFitter.so
:::::: libraries : [ TrackFitter ] ::::::
:::: processing library: TrackFitter...
 - component: TrackEventFitter (Algorithm)
 - component: TrackKalmanFilter (AlgTool)
 - component: TrackMasterFitter (AlgTool)
:::::: libraries : [ TrackFitter ] :::::: [DONE]
Installing /users/LHCb/abdulkhalek/cmtuser/Brunel_v50r1/Tr/TrackFitter/x86_64-slc6-gcc48-opt/genConf/TrackFitter in /users/LHCb/abdulkhalek/cmtuser/Brunel_v50r1/InstallArea/x86_64-slc6-gcc48-opt/python
#CMT---> (constituents.make) TrackFitterComponentsList done
#CMT---> (constituents.make) Building TrackFitterMergeComponentsList.make
Copy '../../../../Tr/TrackFitter/x86_64-slc6-gcc48-opt/genConf/TrackFitter/TrackFitterConf.py' -> '/users/LHCb/abdulkhalek/cmtuser/Brunel_v50r1/InstallArea/x86_64-slc6-gcc48-opt/python/TrackFitter/TrackFitterConf.py'
#CMT---> (constituents.make) TrackFitterConf done
#CMT---> (constituents.make) Building TrackFitterConfDbMerge.make
#CMT---> (constituents.make) Building TrackFitter_python_init.make
#CMT---> Info: Document TrackFitterMergeComponentsList
#CMT---> (constituents.make) Creating TrackFitterMergeComponentsList.lock and Starting TrackFitterMergeComponentsList
Running merge_componentslist  TrackFitterMergeComponentsList
INFO:LockFile:2016-05-11_14:31:13 - Locking on /users/LHCb/abdulkhalek/cmtuser/Brunel_v50r1/InstallArea/gaudi_build_lock
INFO:LockFile:2016-05-11_14:31:14 - Lock on /users/LHCb/abdulkhalek/cmtuser/Brunel_v50r1/InstallArea/gaudi_build_lock released
#CMT---> (constituents.make) TrackFitterMergeComponentsList done
#CMT---> Info: Document TrackFitterConfDbMerge
#CMT---> (constituents.make) Creating TrackFitterConfDbMerge.lock and Starting TrackFitterConfDbMerge
#CMT---> Info: Document TrackFitter_python_init
#CMT---> (constituents.make) Creating TrackFitter_python_init.lock and Starting TrackFitter_python_init
Running merge_genconfDb  TrackFitterConfDbMerge
#CMT---> (constituents.make) TrackFitter_python_init done
INFO:LockFile:2016-05-11_14:31:14 - Locking on /users/LHCb/abdulkhalek/cmtuser/Brunel_v50r1/InstallArea/gaudi_build_lock
INFO:LockFile:2016-05-11_14:31:14 - Lock on /users/LHCb/abdulkhalek/cmtuser/Brunel_v50r1/InstallArea/gaudi_build_lock released
#CMT---> (constituents.make) TrackFitterConfDbMerge done
#CMT---> (constituents.make) Building zip_TrackFitter_python_modules.make
#CMT---> Info: Document zip_TrackFitter_python_modules
#CMT---> (constituents.make) Creating zip_TrackFitter_python_modules.lock and Starting zip_TrackFitter_python_modules
INFO:LockFile:2016-05-11_14:31:15 - Locking on /users/LHCb/abdulkhalek/cmtuser/Brunel_v50r1/InstallArea/gaudi_build_lock
INFO:zipdir:Zipping directory '/users/LHCb/abdulkhalek/cmtuser/Brunel_v50r1/InstallArea/x86_64-slc6-gcc48-opt/python'
INFO:zipdir: A -> TrackFitter/TrackFitterConf.py
INFO:zipdir:File '/users/LHCb/abdulkhalek/cmtuser/Brunel_v50r1/InstallArea/x86_64-slc6-gcc48-opt/python.zip' closed
INFO:LockFile:2016-05-11_14:31:15 - Lock on /users/LHCb/abdulkhalek/cmtuser/Brunel_v50r1/InstallArea/gaudi_build_lock released
#CMT---> (constituents.make) zip_TrackFitter_python_modules done
#CMT---> all ok.
Wed May 11 14:31:15 CEST 2016
# Building group cmt_actions
#CMT---> Info: Execute action make => gmake bin=../x86_64-slc6-gcc48-opt/ cmt_actions
#CMT---> (Makefile.header) Rebuilding ../x86_64-slc6-gcc48-opt/x86_64-slc6-gcc48-opt.make
#CMT---> (Makefile.header) Rebuilding ../x86_64-slc6-gcc48-opt/setup.make
#CMT---> (Makefile.header) Rebuilding ../x86_64-slc6-gcc48-opt/constituents.make
#CMT---> cmt_actions ok.
Wed May 11 14:31:19 CEST 2016
