#===============================================================================
# Building package Det/FTDet [2/5]
#===============================================================================
Wed May 11 14:30:18 CEST 2016
v2r12 Det/FTDet
# Building group all
#CMT---> Info: Execute action make => gmake bin=../x86_64-slc6-gcc48-opt/ all
#CMT---> (Makefile.header) Rebuilding ../x86_64-slc6-gcc48-opt/x86_64-slc6-gcc48-opt.make
#CMT---> (Makefile.header) Rebuilding ../x86_64-slc6-gcc48-opt/setup.make
#CMT---> (Makefile.header) Rebuilding ../x86_64-slc6-gcc48-opt/constituents.make
#CMT---> (constituents.make) EventBaseObj2Doth: No rule for such target
#CMT---> (constituents.make) LHCbKernelObj2Doth: No rule for such target
#CMT---> (constituents.make) MCEventObj2Doth: No rule for such target
#CMT---> (constituents.make) FTEventObj2Doth: No rule for such target
#CMT---> (constituents.make) Rebuilding library links
#CMT---> (constituents.make) all done
#CMT---> (constituents.make) Building FTDetLib.make
#CMT---> (constituents.make) Building install_more_includes.make
#CMT---> (constituents.make) Building FTDetGen.make
#CMT---> Info: Library FTDetLib
#CMT---> Info: Document install_more_includes
#CMT---> (constituents.make) Starting FTDetLib
#CMT---> (constituents.make) Creating install_more_includes.lock and Starting install_more_includes
#CMT---> Info: Document FTDetGen
Installing files from more ../FTDet to /users/LHCb/abdulkhalek/cmtuser/Brunel_v50r1/InstallArea/x86_64-slc6-gcc48-opt/include
#CMT---> (constituents.make) Creating FTDetGen.lock and Starting FTDetGen
Copy '../../../../Det/FTDet/FTDet/DeFTModule.h' -> '/users/LHCb/abdulkhalek/cmtuser/Brunel_v50r1/InstallArea/x86_64-slc6-gcc48-opt/include/FTDet/DeFTModule.h'
Copy '../../../../Det/FTDet/FTDet/DeFTStation.h' -> '/users/LHCb/abdulkhalek/cmtuser/Brunel_v50r1/InstallArea/x86_64-slc6-gcc48-opt/include/FTDet/DeFTStation.h'
Running merge_rootmap  FTDetGen
installation done
#CMT---> (constituents.make) install_more_includes done
INFO:LockFile:2016-05-11_14:30:27 - Locking on /users/LHCb/abdulkhalek/cmtuser/Brunel_v50r1/InstallArea/gaudi_build_lock
INFO:LockFile:2016-05-11_14:30:27 - Lock on /users/LHCb/abdulkhalek/cmtuser/Brunel_v50r1/InstallArea/gaudi_build_lock released
#CMT---> (constituents.make) FTDetGen done
#CMT---> FTDetLib : library ok
#CMT---> installation done
#CMT---> FTDetLib ok
#CMT---> (constituents.make) FTDetLib done
#CMT---> (constituents.make) Building FTDet.make
#CMT---> (constituents.make) Building FTDetDict.make
#CMT---> Info: Library FTDet
#CMT---> (constituents.make) Starting FTDet
#CMT---> Info: Library FTDetDict
#CMT---> (constituents.make) Starting FTDetDict
#CMT---> installation done
#CMT---> FTDetDict : library ok
#CMT---> FTDetDict ok
#CMT---> (constituents.make) FTDetDict done
#CMT---> installation done
#CMT---> FTDet : library ok
#CMT---> FTDet ok
#CMT---> (constituents.make) FTDet done
#CMT---> (constituents.make) Building FTDetComponentsList.make
#CMT---> (constituents.make) Building FTDetConf.make
#CMT---> Info: Document FTDetComponentsList
#CMT---> Info: Document FTDetConf
#CMT---> (constituents.make) Creating FTDetComponentsList.lock and Starting FTDetComponentsList
#CMT---> (constituents.make) Creating FTDetConf.lock and Starting FTDetConf
#CMT---> (constituents.make) FTDetComponentsList done
#CMT---> (constituents.make) Building FTDetMergeComponentsList.make
:::::: libraries : [ FTDet ] ::::::
:::: processing library: FTDet...
#CMT---> Info: Document FTDetMergeComponentsList
#CMT---> (constituents.make) Creating FTDetMergeComponentsList.lock and Starting FTDetMergeComponentsList
#CMT---> (constituents.make) FTDetMergeComponentsList done
 - component: DeFTTestAlg (Algorithm)
:::::: libraries : [ FTDet ] :::::: [DONE]
Installing /users/LHCb/abdulkhalek/cmtuser/Brunel_v50r1/Det/FTDet/x86_64-slc6-gcc48-opt/genConf/FTDet in /users/LHCb/abdulkhalek/cmtuser/Brunel_v50r1/InstallArea/x86_64-slc6-gcc48-opt/python
Copy '../../../../Det/FTDet/x86_64-slc6-gcc48-opt/genConf/FTDet/FTDetConf.py' -> '/users/LHCb/abdulkhalek/cmtuser/Brunel_v50r1/InstallArea/x86_64-slc6-gcc48-opt/python/FTDet/FTDetConf.py'
#CMT---> (constituents.make) FTDetConf done
#CMT---> (constituents.make) Building FTDetConfDbMerge.make
#CMT---> (constituents.make) Building FTDet_python_init.make
#CMT---> Info: Document FTDetConfDbMerge
#CMT---> Info: Document FTDet_python_init
#CMT---> (constituents.make) Creating FTDetConfDbMerge.lock and Starting FTDetConfDbMerge
Running merge_genconfDb  FTDetConfDbMerge
INFO:LockFile:2016-05-11_14:30:37 - Locking on /users/LHCb/abdulkhalek/cmtuser/Brunel_v50r1/InstallArea/gaudi_build_lock
INFO:LockFile:2016-05-11_14:30:37 - Lock on /users/LHCb/abdulkhalek/cmtuser/Brunel_v50r1/InstallArea/gaudi_build_lock released
#CMT---> (constituents.make) FTDetConfDbMerge done
#CMT---> (constituents.make) Creating FTDet_python_init.lock and Starting FTDet_python_init
#CMT---> (constituents.make) FTDet_python_init done
#CMT---> (constituents.make) Building zip_FTDet_python_modules.make
#CMT---> Info: Document zip_FTDet_python_modules
#CMT---> (constituents.make) Creating zip_FTDet_python_modules.lock and Starting zip_FTDet_python_modules
INFO:LockFile:2016-05-11_14:30:38 - Locking on /users/LHCb/abdulkhalek/cmtuser/Brunel_v50r1/InstallArea/gaudi_build_lock
INFO:zipdir:Zipping directory '/users/LHCb/abdulkhalek/cmtuser/Brunel_v50r1/InstallArea/x86_64-slc6-gcc48-opt/python'
INFO:zipdir: M -> FTDet/FTDetConf.py
INFO:zipdir:File '/users/LHCb/abdulkhalek/cmtuser/Brunel_v50r1/InstallArea/x86_64-slc6-gcc48-opt/python.zip' closed
INFO:LockFile:2016-05-11_14:30:38 - Lock on /users/LHCb/abdulkhalek/cmtuser/Brunel_v50r1/InstallArea/gaudi_build_lock released
#CMT---> (constituents.make) zip_FTDet_python_modules done
#CMT---> all ok.
Wed May 11 14:30:38 CEST 2016
# Building group cmt_actions
#CMT---> Info: Execute action make => gmake bin=../x86_64-slc6-gcc48-opt/ cmt_actions
#CMT---> (Makefile.header) Rebuilding ../x86_64-slc6-gcc48-opt/x86_64-slc6-gcc48-opt.make
#CMT---> (Makefile.header) Rebuilding ../x86_64-slc6-gcc48-opt/setup.make
#CMT---> (Makefile.header) Rebuilding ../x86_64-slc6-gcc48-opt/constituents.make
#CMT---> cmt_actions ok.
Wed May 11 14:30:42 CEST 2016
