#===============================================================================
# Building package Det/FTDet [2/7]
#===============================================================================
Fri Apr 22 11:43:07 CEST 2016
v2r12 Det/FTDet
# Building group all
#CMT---> Info: Execute action make => gmake bin=../x86_64-slc6-gcc49-opt/ all
gmake[1]: Entering directory `/afs/cern.ch/work/r/rquaglia/Tracking/NeedforSpeed_Forward/Brunel_v49r1/Det/FTDet/cmt'
#CMT---> (Makefile.header) Rebuilding ../x86_64-slc6-gcc49-opt/x86_64-slc6-gcc49-opt.make
#CMT---> (Makefile.header) Rebuilding ../x86_64-slc6-gcc49-opt/setup.make
#CMT---> (Makefile.header) Rebuilding ../x86_64-slc6-gcc49-opt/constituents.make
#CMT---> (constituents.make) EventBaseObj2Doth: No rule for such target
#CMT---> (constituents.make) LHCbKernelObj2Doth: No rule for such target
#CMT---> (constituents.make) MCEventObj2Doth: No rule for such target
#CMT---> (constituents.make) FTEventObj2Doth: No rule for such target
#CMT---> (constituents.make) Rebuilding library links
#CMT---> (constituents.make) Building FTDetGen.make
#CMT---> (constituents.make) Building install_more_includes.make
#CMT---> (constituents.make) Building FTDetLib.make
#CMT---> (constituents.make) all done
#CMT---> Info: Document install_more_includes
#CMT---> (constituents.make) Creating install_more_includes.lock and Starting install_more_includes
Installing files from more ../FTDet to /afs/cern.ch/user/r/rquaglia/work/Tracking/NeedforSpeed_Forward/Brunel_v49r1/InstallArea/x86_64-slc6-gcc49-opt/include
#CMT---> Info: Library FTDetLib
#CMT---> Info: Document FTDetGen
#CMT---> (constituents.make) Starting FTDetLib
#CMT---> (constituents.make) Creating FTDetGen.lock and Starting FTDetGen
Running merge_rootmap  FTDetGen
python /afs/cern.ch/lhcb/software/releases/GAUDI/GAUDI_v26r4/GaudiPolicy/scripts/merge_files.py --do-merge --input-file ../x86_64-slc6-gcc49-opt/dict/FTDet/FTDetDict.rootmap --merged-file /afs/cern.ch/user/r/rquaglia/work/Tracking/NeedforSpeed_Forward/Brunel_v49r1/InstallArea/x86_64-slc6-gcc49-opt/lib/Brunel_v49r1Dict.rootmap
installation done
Traceback (most recent call last):
  File "/afs/cern.ch/lhcb/software/releases/GAUDI/GAUDI_v26r4/GaudiPolicy/scripts/merge_files.py", line 186, in <module>
    globalLock = locker.LockFile(os.environ["GAUDI_BUILD_LOCK"], temporary =  True)
NameError: name 'locker' is not defined
gmake[4]: *** [/afs/cern.ch/user/r/rquaglia/work/Tracking/NeedforSpeed_Forward/Brunel_v49r1/InstallArea/x86_64-slc6-gcc49-opt/lib//FTDetDict.rootmap.stamp] Error 1
gmake[3]: *** [FTDetGen] Error 2
gmake[3]: *** Waiting for unfinished jobs....
#CMT---> (constituents.make) install_more_includes done
#CMT---> FTDetLib : library ok
#CMT---> installation done
#CMT---> FTDetLib ok
#CMT---> (constituents.make) FTDetLib done
gmake[2]: *** [common_target] Error 2
gmake[1]: *** [check_config] Error 2
gmake[1]: Leaving directory `/afs/cern.ch/work/r/rquaglia/Tracking/NeedforSpeed_Forward/Brunel_v49r1/Det/FTDet/cmt'
#CMT---> Error: execution_failed : make
Fri Apr 22 11:43:19 CEST 2016
