#===============================================================================
# Building package Pr/PrAlgorithms [5/5]
#===============================================================================
Wed May 11 14:30:43 CEST 2016
v1r18 Pr/PrAlgorithms
# Building group all
#CMT---> Info: Execute action make => gmake bin=../x86_64-slc6-gcc48-opt/ all
#CMT---> (Makefile.header) Rebuilding ../x86_64-slc6-gcc48-opt/x86_64-slc6-gcc48-opt.make
#CMT---> (Makefile.header) Rebuilding ../x86_64-slc6-gcc48-opt/setup.make
#CMT---> (Makefile.header) Rebuilding ../x86_64-slc6-gcc48-opt/constituents.make
#CMT---> (constituents.make) Rebuilding library links
#CMT---> (constituents.make) all done
#CMT---> (constituents.make) Building PrAlgorithms.make
#CMT---> Info: Library PrAlgorithms
#CMT---> (constituents.make) Starting PrAlgorithms
#CMT---> PrAlgorithms : library ok
#CMT---> installation done
#CMT---> PrAlgorithms ok
#CMT---> (constituents.make) PrAlgorithms done
#CMT---> (constituents.make) Building PrAlgorithmsComponentsList.make
#CMT---> (constituents.make) Building PrAlgorithmsConf.make
#CMT---> Info: Document PrAlgorithmsComponentsList
#CMT---> (constituents.make) Creating PrAlgorithmsComponentsList.lock and Starting PrAlgorithmsComponentsList
#CMT---> (constituents.make) PrAlgorithmsComponentsList done
#CMT---> (constituents.make) Building PrAlgorithmsMergeComponentsList.make
#CMT---> Info: Document PrAlgorithmsConf
#CMT---> (constituents.make) Creating PrAlgorithmsConf.lock and Starting PrAlgorithmsConf
:::::: libraries : [ PrAlgorithms ] ::::::
:::: processing library: PrAlgorithms...
 - component: PrDownstream (Algorithm)
 - component: PrFTHitManager (AlgTool)
 - component: PrForwardTool (AlgTool)
 - component: PrForwardTracking (Algorithm)
 - component: PrGeometryTool (AlgTool)
 - component: PrHybridSeeding (Algorithm)
 - component: PrMatch (Algorithm)
 - component: PrMatchNN (Algorithm)
 - component: PrMatchTool (AlgTool)
 - component: PrMatchToolNN (AlgTool)
:::::: libraries : [ PrAlgorithms ] :::::: [DONE]
Installing /users/LHCb/abdulkhalek/cmtuser/Brunel_v50r1/Pr/PrAlgorithms/x86_64-slc6-gcc48-opt/genConf/PrAlgorithms in /users/LHCb/abdulkhalek/cmtuser/Brunel_v50r1/InstallArea/x86_64-slc6-gcc48-opt/python
Copy '../../../../Pr/PrAlgorithms/x86_64-slc6-gcc48-opt/genConf/PrAlgorithms/PrAlgorithmsConf.py' -> '/users/LHCb/abdulkhalek/cmtuser/Brunel_v50r1/InstallArea/x86_64-slc6-gcc48-opt/python/PrAlgorithms/PrAlgorithmsConf.py'
#CMT---> (constituents.make) PrAlgorithmsConf done
#CMT---> (constituents.make) Building PrAlgorithms_python_init.make
#CMT---> Info: Document PrAlgorithmsMergeComponentsList
#CMT---> (constituents.make) Building PrAlgorithmsConfDbMerge.make
#CMT---> Info: Document PrAlgorithms_python_init
#CMT---> (constituents.make) Creating PrAlgorithmsMergeComponentsList.lock and Starting PrAlgorithmsMergeComponentsList
#CMT---> (constituents.make) Creating PrAlgorithms_python_init.lock and Starting PrAlgorithms_python_init
#CMT---> (constituents.make) PrAlgorithmsMergeComponentsList done
#CMT---> (constituents.make) PrAlgorithms_python_init done
#CMT---> Info: Document PrAlgorithmsConfDbMerge
#CMT---> (constituents.make) Creating PrAlgorithmsConfDbMerge.lock and Starting PrAlgorithmsConfDbMerge
Running merge_genconfDb  PrAlgorithmsConfDbMerge
INFO:LockFile:2016-05-11_14:30:57 - Locking on /users/LHCb/abdulkhalek/cmtuser/Brunel_v50r1/InstallArea/gaudi_build_lock
INFO:LockFile:2016-05-11_14:31:08 - Lock on /users/LHCb/abdulkhalek/cmtuser/Brunel_v50r1/InstallArea/gaudi_build_lock released
#CMT---> (constituents.make) PrAlgorithmsConfDbMerge done
#CMT---> (constituents.make) Building zip_PrAlgorithms_python_modules.make
#CMT---> Info: Document zip_PrAlgorithms_python_modules
#CMT---> (constituents.make) Creating zip_PrAlgorithms_python_modules.lock and Starting zip_PrAlgorithms_python_modules
INFO:LockFile:2016-05-11_14:31:09 - Locking on /users/LHCb/abdulkhalek/cmtuser/Brunel_v50r1/InstallArea/gaudi_build_lock
INFO:zipdir:Zipping directory '/users/LHCb/abdulkhalek/cmtuser/Brunel_v50r1/InstallArea/x86_64-slc6-gcc48-opt/python'
INFO:zipdir: M -> PrAlgorithms/PrAlgorithmsConf.py
INFO:zipdir: A -> TrackFitter/__init__.py
INFO:zipdir: A -> TrackFitter/ConfiguredFitters.py
INFO:zipdir:File '/users/LHCb/abdulkhalek/cmtuser/Brunel_v50r1/InstallArea/x86_64-slc6-gcc48-opt/python.zip' closed
INFO:LockFile:2016-05-11_14:31:09 - Lock on /users/LHCb/abdulkhalek/cmtuser/Brunel_v50r1/InstallArea/gaudi_build_lock released
#CMT---> (constituents.make) zip_PrAlgorithms_python_modules done
#CMT---> all ok.
Wed May 11 14:31:10 CEST 2016
# Building group cmt_actions
#CMT---> Info: Execute action make => gmake bin=../x86_64-slc6-gcc48-opt/ cmt_actions
#CMT---> (Makefile.header) Rebuilding ../x86_64-slc6-gcc48-opt/x86_64-slc6-gcc48-opt.make
#CMT---> (Makefile.header) Rebuilding ../x86_64-slc6-gcc48-opt/setup.make
#CMT---> (Makefile.header) Rebuilding ../x86_64-slc6-gcc48-opt/constituents.make
#CMT---> cmt_actions ok.
Wed May 11 14:31:15 CEST 2016
